# JRE version: Java(TM) SE Runtime Environment (19.0.1+10) (build 19.0.1+10-21)
# Java VM: Java HotSpot(TM) 64-Bit Server VM (19.0.1+10-21, mixed mode, sharing, tiered, compressed oops, compressed class ptrs, g1 gc, windows-amd64)
GC Precious Log:
 CardTable entry size: 512
 Card Set container configuration: InlinePtr #cards 5 size 8 Array Of Cards #cards 12 size 40 Howl #buckets 4 coarsen threshold 1843 Howl Bitmap #cards 512 size 80 coarsen threshold 460 Card regions per heap region 1 cards per card region 2048
 CPUs: 4 total, 4 available
 Memory: 8009M
 Large Page Support: Disabled
 NUMA Support: Disabled
 Compressed Oops: Enabled (32-bit)
 Heap Region Size: 1M
 Heap Min Capacity: 8M
 Heap Initial Capacity: 126M
 Heap Max Capacity: 2004M
 Pre-touch: Disabled
 Parallel Workers: 4
 Concurrent Workers: 1
 Concurrent Refinement Workers: 4
 Periodic GC: Disabled
Heap:
 garbage-first heap   total 129024K, used 57217K [0x0000000082c00000, 0x0000000100000000)
  region size 1024K, 18 young (18432K), 1 survivors (1024K)
 Metaspace       used 16341K, committed 16640K, reserved 1114112K
  class space    used 1797K, committed 1920K, reserved 1048576K
GC Heap History (20 events):
Event: 35192.738 GC heap before
{Heap before GC invocations=67 (full 0):
 garbage-first heap   total 129024K, used 113518K [0x0000000082c00000, 0x0000000100000000)
  region size 1024K, 72 young (73728K), 1 survivors (1024K)
 Metaspace       used 16341K, committed 16640K, reserved 1114112K
  class space    used 1797K, committed 1920K, reserved 1048576K
}
Event: 35192.740 GC heap after
{Heap after GC invocations=68 (full 0):
 garbage-first heap   total 129024K, used 40814K [0x0000000082c00000, 0x0000000100000000)
  region size 1024K, 1 young (1024K), 1 survivors (1024K)
 Metaspace       used 16341K, committed 16640K, reserved 1114112K
  class space    used 1797K, committed 1920K, reserved 1048576K
}
Event: 35607.080 GC heap before
{Heap before GC invocations=68 (full 0):
 garbage-first heap   total 129024K, used 113518K [0x0000000082c00000, 0x0000000100000000)
  region size 1024K, 72 young (73728K), 1 survivors (1024K)
 Metaspace       used 16341K, committed 16640K, reserved 1114112K
  class space    used 1797K, committed 1920K, reserved 1048576K
}
Event: 35607.081 GC heap after
{Heap after GC invocations=69 (full 0):
 garbage-first heap   total 129024K, used 40822K [0x0000000082c00000, 0x0000000100000000)
  region size 1024K, 1 young (1024K), 1 survivors (1024K)
 Metaspace       used 16341K, committed 16640K, reserved 1114112K
  class space    used 1797K, committed 1920K, reserved 1048576K
}
Event: 36020.068 GC heap before
{Heap before GC invocations=69 (full 0):
 garbage-first heap   total 129024K, used 113526K [0x0000000082c00000, 0x0000000100000000)
  region size 1024K, 72 young (73728K), 1 survivors (1024K)
 Metaspace       used 16341K, committed 16640K, reserved 1114112K
  class space    used 1797K, committed 1920K, reserved 1048576K
}
Event: 36020.074 GC heap after
{Heap after GC invocations=70 (full 0):
 garbage-first heap   total 129024K, used 40824K [0x0000000082c00000, 0x0000000100000000)
  region size 1024K, 1 young (1024K), 1 survivors (1024K)
 Metaspace       used 16341K, committed 16640K, reserved 1114112K
  class space    used 1797K, committed 1920K, reserved 1048576K
}
Event: 39482.929 GC heap before
{Heap before GC invocations=70 (full 0):
 garbage-first heap   total 129024K, used 113528K [0x0000000082c00000, 0x0000000100000000)
  region size 1024K, 72 young (73728K), 1 survivors (1024K)
 Metaspace       used 16341K, committed 16640K, reserved 1114112K
  class space    used 1797K, committed 1920K, reserved 1048576K
}
Event: 39482.930 GC heap after
{Heap after GC invocations=71 (full 0):
 garbage-first heap   total 129024K, used 40824K [0x0000000082c00000, 0x0000000100000000)
  region size 1024K, 1 young (1024K), 1 survivors (1024K)
 Metaspace       used 16341K, committed 16640K, reserved 1114112K
  class space    used 1797K, committed 1920K, reserved 1048576K
}
Event: 39878.962 GC heap before
{Heap before GC invocations=71 (full 0):
 garbage-first heap   total 129024K, used 113528K [0x0000000082c00000, 0x0000000100000000)
  region size 1024K, 72 young (73728K), 1 survivors (1024K)
 Metaspace       used 16341K, committed 16640K, reserved 1114112K
  class space    used 1797K, committed 1920K, reserved 1048576K
}
Event: 39878.964 GC heap after
{Heap after GC invocations=72 (full 0):
 garbage-first heap   total 129024K, used 40824K [0x0000000082c00000, 0x0000000100000000)
  region size 1024K, 1 young (1024K), 1 survivors (1024K)
 Metaspace       used 16341K, committed 16640K, reserved 1114112K
  class space    used 1797K, committed 1920K, reserved 1048576K
}
Event: 42814.019 GC heap before
{Heap before GC invocations=72 (full 0):
 garbage-first heap   total 129024K, used 113528K [0x0000000082c00000, 0x0000000100000000)
  region size 1024K, 72 young (73728K), 1 survivors (1024K)
 Metaspace       used 16341K, committed 16640K, reserved 1114112K
  class space    used 1797K, committed 1920K, reserved 1048576K
}
Event: 42814.020 GC heap after
{Heap after GC invocations=73 (full 0):
 garbage-first heap   total 129024K, used 40824K [0x0000000082c00000, 0x0000000100000000)
  region size 1024K, 1 young (1024K), 1 survivors (1024K)
 Metaspace       used 16341K, committed 16640K, reserved 1114112K
  class space    used 1797K, committed 1920K, reserved 1048576K
}
Event: 43244.080 GC heap before
{Heap before GC invocations=73 (full 0):
 garbage-first heap   total 129024K, used 113528K [0x0000000082c00000, 0x0000000100000000)
  region size 1024K, 72 young (73728K), 1 survivors (1024K)
 Metaspace       used 16341K, committed 16640K, reserved 1114112K
  class space    used 1797K, committed 1920K, reserved 1048576K
}
Event: 43244.081 GC heap after
{Heap after GC invocations=74 (full 0):
 garbage-first heap   total 129024K, used 40824K [0x0000000082c00000, 0x0000000100000000)
  region size 1024K, 1 young (1024K), 1 survivors (1024K)
 Metaspace       used 16341K, committed 16640K, reserved 1114112K
  class space    used 1797K, committed 1920K, reserved 1048576K
}
Event: 43675.764 GC heap before
{Heap before GC invocations=74 (full 0):
 garbage-first heap   total 129024K, used 113528K [0x0000000082c00000, 0x0000000100000000)
  region size 1024K, 72 young (73728K), 1 survivors (1024K)
 Metaspace       used 16341K, committed 16640K, reserved 1114112K
  class space    used 1797K, committed 1920K, reserved 1048576K
}
Event: 43675.766 GC heap after
{Heap after GC invocations=75 (full 0):
 garbage-first heap   total 129024K, used 40824K [0x0000000082c00000, 0x0000000100000000)
  region size 1024K, 1 young (1024K), 1 survivors (1024K)
 Metaspace       used 16341K, committed 16640K, reserved 1114112K
  class space    used 1797K, committed 1920K, reserved 1048576K
}
Event: 44118.837 GC heap before
{Heap before GC invocations=75 (full 0):
 garbage-first heap   total 129024K, used 113528K [0x0000000082c00000, 0x0000000100000000)
  region size 1024K, 72 young (73728K), 1 survivors (1024K)
 Metaspace       used 16341K, committed 16640K, reserved 1114112K
  class space    used 1797K, committed 1920K, reserved 1048576K
}
Event: 44118.838 GC heap after
{Heap after GC invocations=76 (full 0):
 garbage-first heap   total 129024K, used 40833K [0x0000000082c00000, 0x0000000100000000)
  region size 1024K, 1 young (1024K), 1 survivors (1024K)
 Metaspace       used 16341K, committed 16640K, reserved 1114112K
  class space    used 1797K, committed 1920K, reserved 1048576K
}
Event: 44550.557 GC heap before
{Heap before GC invocations=76 (full 0):
 garbage-first heap   total 129024K, used 113537K [0x0000000082c00000, 0x0000000100000000)
  region size 1024K, 72 young (73728K), 1 survivors (1024K)
 Metaspace       used 16341K, committed 16640K, reserved 1114112K
  class space    used 1797K, committed 1920K, reserved 1048576K
}
Event: 44550.559 GC heap after
{Heap after GC invocations=77 (full 0):
 garbage-first heap   total 129024K, used 40833K [0x0000000082c00000, 0x0000000100000000)
  region size 1024K, 1 young (1024K), 1 survivors (1024K)
 Metaspace       used 16341K, committed 16640K, reserved 1114112K
  class space    used 1797K, committed 1920K, reserved 1048576K
}

